[3/17/2025, 5:05:47 PM] kiraa8002: "Even handsome then your crush" → "Even handsome than your crush"
[3/17/2025, 5:09:24 PM] travis_scott2.6: "<@&1349039619844608084> 
# <:RS_rocket:1333792225565610004> **__3 MONTH PROMO LINK__ :**

> <:RS_dollar:1333792482592559157>:  **Price : 1$/90 INR**
> <:RS_stock:1333792361259466844>:  **Stock : 10x** 
> <:RS_right:1333793263483617353>:  **Full warranty**

# <:RS_cc:1333792401591898175> **__1x CLAIM VCC__ :**

> <:RS_dollar:1333792482592559157>: **Price : 0.25$/20 INR**
> <:RS_stock:1333792361259466844>: **Stock : 8x** 
> <:RS_right:1333793263483617353>: **Login Required**

# <:RS_rocket:1333792225565610004> **__DECORATION [GIFT LINK]__ :**

> <:blue_dot:1333809420500602932>: **Avatar Decoration : Angry**
> <:blue_dot:1333809420500602932>: **Profile Decoration : Ink & Steel**
> <:RS_dollar:1333792482592559157>: **Price : 2.5$/225 INR**
> <:RS_stock:1333792361259466844>: **Stock : 2x** 
> <:RS_right:1333793263483617353>: **Legal paid + Unlimited Regen**

# <:RS_rocket:1333792225565610004> **__1 MONTH NITRO ACCOUNT [FA]__ :**

> <:RS_dollar:1333792482592559157>: **Price : 0.4$/35 INR**
> <:RS_stock:1333792361259466844>: **Stock : 15x** 
> <:RS_right:1333793263483617353>: **Full Warranty**

# <:RS_rocket:1333792225565610004> **__NITRO BASIC LYF__**

> <:RS_dollar:1333792482592559157>**: Price : 1.25$/115 INR**
> <:RS_stock:1333792361259466844>**: Stock : 10x **
> <:RS_right:1333793263483617353>**: Legal Paid + Unlimited Regen**

# <:RS_rocket:1333792225565610004> **__NITRO BOOST LYF__**

> <:RS_dollar:1333792482592559157>**: Price : 5.3$/480 INR**
> <:RS_stock:1333792361259466844>**: Stock : 5x **
> <:RS_right:1333793263483617353>**: Legal Paid + Unlimited Regen**

<:spider_rulebook:1333808790209822781> **__Also Selling__ :**

> <:blue_dot:1333809420500602932>**24 Month Boost Badge Account [Oge]**
> <:blue_dot:1333809420500602932>**Server Boosts (Min 6x)**
> <:blue_dot:1333809420500602932>**Yearly Nitros**
> <:blue_dot:1333809420500602932>**Nitro accounts/Tokens, Online/Offline server tokens**
> <:blue_dot:1333809420500602932>**All Freelancing Services (Graphic design/Video editing/Web development etc.)**

> <:RS_web:1333792261745414176> **__AutoBuy__ : [Click here to purchase](https://ravenstore.sellauth.com/)**
> <:RS_dollar:1333792482592559157> **__Payment Method__ : <:INR:1324265020078559363> / <:RS_Crypto_Exchange:1268394451479433298>  / <:RS_binance:1333808686908575745>**
> <:RS_ticket:1333793213533782188> **__Make ticket from <#1118949708115755108> to purchase__**" → "<@&1349039619844608084> 
# <:RS_rocket:1333792225565610004> **__3 MONTH PROMO LINK__ :**

> <:RS_dollar:1333792482592559157>:  **Price : 1$/90 INR**
> <:RS_stock:1333792361259466844>:  **Stock : 10x** 
> <:RS_right:1333793263483617353>:  **Full warranty**

# <:RS_cc:1333792401591898175> **__1x CLAIM VCC__ :**

> <:RS_dollar:1333792482592559157>: **Price : 0.25$/20 INR**
> <:RS_stock:1333792361259466844>: **Stock : 8x** 
> <:RS_right:1333793263483617353>: **Login Required**

# <:RS_rocket:1333792225565610004> **__DECORATION [GIFT LINK]__ :**

> <:blue_dot:1333809420500602932>: **Avatar Decoration : Angry**
> <:blue_dot:1333809420500602932>: **Profile Decoration : Ink & Steel**
> <:RS_dollar:1333792482592559157>: **Price : 2.5$/225 INR**
> <:RS_stock:1333792361259466844>: **Stock : 2x** 
> <:RS_right:1333793263483617353>: **Legal paid + Unlimited Regen**

# <:RS_rocket:1333792225565610004> **__1 MONTH NITRO ACCOUNT [FA]__ :**

> <:RS_dollar:1333792482592559157>: **Price : 0.4$/35 INR**
> <:RS_stock:1333792361259466844>: **Stock : 15x** 
> <:RS_right:1333793263483617353>: **Full Warranty**

# <:RS_rocket:1333792225565610004> **__NITRO BASIC LYF__**

> <:RS_dollar:1333792482592559157>**: Price : 1.25$/115 INR**
> <:RS_stock:1333792361259466844>**: Stock : 10x **
> <:RS_right:1333793263483617353>**: Legal Paid + Unlimited Regen**

# <:RS_rocket:1333792225565610004> **__NITRO BOOST LYF__**

> <:RS_dollar:1333792482592559157>**: Price : 5.3$/480 INR**
> <:RS_stock:1333792361259466844>**: Stock : 5x **
> <:RS_right:1333793263483617353>**: Legal Paid + Unlimited Regen**

<:spider_rulebook:1333808790209822781> **__Also Selling__ :**

> <:blue_dot:1333809420500602932>**24 Month Boost Badge Account [Oge]**
> <:blue_dot:1333809420500602932>**Server Boosts (Min 6x)**
> <:blue_dot:1333809420500602932>**Yearly Nitros**
> <:blue_dot:1333809420500602932>**Nitro accounts/Tokens, Online/Offline server tokens**
> <:blue_dot:1333809420500602932>**All Freelancing Services (Graphic design/Video editing/Web development etc.)**

**
> <:RS_dollar:1333792482592559157> **__Payment Method__ : <:INR:1324265020078559363> / <:RS_Crypto_Exchange:1268394451479433298>  / <:RS_binance:1333808686908575745>**
> <:RS_ticket:1333793213533782188> **__Make ticket from #╭・📩・order-here to purchase__**"
